This file contains any messages produced by compilers while
running configure, to aid debugging if configure makes a mistake.

It was created by configure, which was
generated by GNU Autoconf 2.61.  Invocation command line was

  $ ./configure 

## --------- ##
## Platform. ##
## --------- ##

hostname = macbook-d56c2ba
uname -m = i686
uname -r = 1.0.10(0.46/3/2)
uname -s = MINGW32_NT-5.1
uname -v = 2004-03-15 07:17

/usr/bin/uname -p = unknown
/bin/uname -X     = unknown

/bin/arch              = unknown
/usr/bin/arch -k       = unknown
/usr/convex/getsysinfo = unknown
/usr/bin/hostinfo      = unknown
/bin/machine           = unknown
/usr/bin/oslevel       = unknown
/bin/universe          = unknown

PATH: .
PATH: /usr/local/bin
PATH: /mingw/bin
PATH: /bin
PATH: /c/devkitPro/devkitPSP/bin
PATH: /c/WINDOWS/Microsoft.NET/Framework/v1.1.4322/
PATH: /c/Program Files/Borland/BDS/4.0/Bin
PATH: /c/WINDOWS/system32
PATH: /c/WINDOWS
PATH: /c/WINDOWS/System32/Wbem
PATH: /c/Documents and Settings/Admin/My Documents/Borland Studio Projects/Bpl


## ----------- ##
## Core tests. ##
## ----------- ##

configure:1647: checking whether make sets $(MAKE)
configure:1668: result: yes
configure:1721: checking for a BSD-compatible install
configure:1777: result: /bin/install -c
configure:1836: checking for gcc
configure:1852: found /mingw/bin/gcc
configure:1863: result: gcc
configure:2101: checking for C compiler version
configure:2108: gcc --version >&5
gcc.exe (GCC) 3.4.2 (mingw-special)
Copyright (C) 2004 Free Software Foundation, Inc.
This is free software; see the source for copying conditions.  There is NO
warranty; not even for MERCHANTABILITY or FITNESS FOR A PARTICULAR PURPOSE.

configure:2111: $? = 0
configure:2118: gcc -v >&5
Reading specs from c:/MinGW/bin/../lib/gcc/mingw32/3.4.2/specs
Configured with: ../gcc/configure --with-gcc --with-gnu-ld --with-gnu-as --host=mingw32 --target=mingw32 --prefix=/mingw --enable-threads --disable-nls --enable-languages=c,c++,f77,ada,objc,java --disable-win32-registry --disable-shared --enable-sjlj-exceptions --enable-libgcj --disable-java-awt --without-x --enable-java-gc=boehm --disable-libgcj-debug --enable-interpreter --enable-hash-synchronization --enable-libstdcxx-debug
Thread model: win32
gcc version 3.4.2 (mingw-special)
configure:2121: $? = 0
configure:2128: gcc -V >&5
gcc.exe: `-V' option must have argument
configure:2131: $? = 1
configure:2154: checking for C compiler default output file name
configure:2181: gcc    conftest.c  >&5
configure:2184: $? = 0
configure:2222: result: a.exe
configure:2239: checking whether the C compiler works
configure:2249: ./a.exe
configure:2252: $? = 0
configure:2269: result: yes
configure:2276: checking whether we are cross compiling
configure:2278: result: no
configure:2281: checking for suffix of executables
configure:2288: gcc -o conftest.exe    conftest.c  >&5
configure:2291: $? = 0
configure:2315: result: .exe
configure:2321: checking for suffix of object files
configure:2347: gcc -c   conftest.c >&5
configure:2350: $? = 0
configure:2373: result: o
configure:2377: checking whether we are using the GNU C compiler
configure:2406: gcc -c   conftest.c >&5
configure:2412: $? = 0
configure:2429: result: yes
configure:2434: checking whether gcc accepts -g
configure:2464: gcc -c -g  conftest.c >&5
configure:2470: $? = 0
configure:2569: result: yes
configure:2586: checking for gcc option to accept ISO C89
configure:2660: gcc  -c -g -O2  conftest.c >&5
configure:2666: $? = 0
configure:2689: result: none needed
configure:2719: checking how to run the C preprocessor
configure:2759: gcc -E  conftest.c
configure:2765: $? = 0
configure:2796: gcc -E  conftest.c
conftest.c:8:28: ac_nonexistent.h: No such file or directory
configure:2802: $? = 1
configure: failed program was:
| /* confdefs.h.  */
| #define PACKAGE_NAME ""
| #define PACKAGE_TARNAME ""
| #define PACKAGE_VERSION ""
| #define PACKAGE_STRING ""
| #define PACKAGE_BUGREPORT ""
| /* end confdefs.h.  */
| #include <ac_nonexistent.h>
configure:2835: result: gcc -E
configure:2864: gcc -E  conftest.c
configure:2870: $? = 0
configure:2901: gcc -E  conftest.c
conftest.c:8:28: ac_nonexistent.h: No such file or directory
configure:2907: $? = 1
configure: failed program was:
| /* confdefs.h.  */
| #define PACKAGE_NAME ""
| #define PACKAGE_TARNAME ""
| #define PACKAGE_VERSION ""
| #define PACKAGE_STRING ""
| #define PACKAGE_BUGREPORT ""
| /* end confdefs.h.  */
| #include <ac_nonexistent.h>
configure:2945: checking for grep that handles long lines and -e
configure:3019: result: /bin/grep
configure:3024: checking for egrep
configure:3102: result: /bin/grep -E
configure:3107: checking for ANSI C header files
configure:3137: gcc -c -g -O2 -fno-strict-aliasing -Wall  conftest.c >&5
configure:3143: $? = 0
configure:3239: gcc -o conftest.exe -g -O2 -fno-strict-aliasing -Wall   conftest.c  >&5
configure:3242: $? = 0
configure:3248: ./conftest.exe
configure:3251: $? = 0
configure:3268: result: yes
configure:3278: checking for library containing dlopen
configure:3319: gcc -o conftest.exe -g -O2 -fno-strict-aliasing -Wall   conftest.c  >&5
C:/DOCUME~1/Admin/LOCALS~1/Temp/ccQVfaaa.o: In function `main':C:/msys/1.0/home/Admin/arena-0.9.12/conftest.c:20: undefined reference to `dlopen'
collect2: ld returned 1 exit status
configure:3325: $? = 1
configure: failed program was:
| /* confdefs.h.  */
| #define PACKAGE_NAME ""
| #define PACKAGE_TARNAME ""
| #define PACKAGE_VERSION ""
| #define PACKAGE_STRING ""
| #define PACKAGE_BUGREPORT ""
| #define STDC_HEADERS 1
| /* end confdefs.h.  */
| 
| /* Override any GCC internal prototype to avoid an error.
|    Use char because int might match the return type of a GCC
|    builtin and then its argument prototype would still apply.  */
| #ifdef __cplusplus
| extern "C"
| #endif
| char dlopen ();
| int
| main ()
| {
| return dlopen ();
|   ;
|   return 0;
| }
configure:3319: gcc -o conftest.exe -g -O2 -fno-strict-aliasing -Wall   conftest.c -ldl   >&5
c:\MinGW\bin\..\lib\gcc\mingw32\3.4.2\..\..\..\..\mingw32\bin\ld.exe: cannot find -ldl
collect2: ld returned 1 exit status
configure:3325: $? = 1
configure: failed program was:
| /* confdefs.h.  */
| #define PACKAGE_NAME ""
| #define PACKAGE_TARNAME ""
| #define PACKAGE_VERSION ""
| #define PACKAGE_STRING ""
| #define PACKAGE_BUGREPORT ""
| #define STDC_HEADERS 1
| /* end confdefs.h.  */
| 
| /* Override any GCC internal prototype to avoid an error.
|    Use char because int might match the return type of a GCC
|    builtin and then its argument prototype would still apply.  */
| #ifdef __cplusplus
| extern "C"
| #endif
| char dlopen ();
| int
| main ()
| {
| return dlopen ();
|   ;
|   return 0;
| }
configure:3353: result: no
configure:3365: checking for dlopen
configure:3421: gcc -o conftest.exe -g -O2 -fno-strict-aliasing -Wall   conftest.c  >&5
C:/DOCUME~1/Admin/LOCALS~1/Temp/ccAbgaaa.o: In function `main':C:/msys/1.0/home/Admin/arena-0.9.12/conftest.c:43: undefined reference to `dlopen'
collect2: ld returned 1 exit status
configure:3427: $? = 1
configure: failed program was:
| /* confdefs.h.  */
| #define PACKAGE_NAME ""
| #define PACKAGE_TARNAME ""
| #define PACKAGE_VERSION ""
| #define PACKAGE_STRING ""
| #define PACKAGE_BUGREPORT ""
| #define STDC_HEADERS 1
| /* end confdefs.h.  */
| /* Define dlopen to an innocuous variant, in case <limits.h> declares dlopen.
|    For example, HP-UX 11i <limits.h> declares gettimeofday.  */
| #define dlopen innocuous_dlopen
| 
| /* System header to define __stub macros and hopefully few prototypes,
|     which can conflict with char dlopen (); below.
|     Prefer <limits.h> to <assert.h> if __STDC__ is defined, since
|     <limits.h> exists even on freestanding compilers.  */
| 
| #ifdef __STDC__
| # include <limits.h>
| #else
| # include <assert.h>
| #endif
| 
| #undef dlopen
| 
| /* Override any GCC internal prototype to avoid an error.
|    Use char because int might match the return type of a GCC
|    builtin and then its argument prototype would still apply.  */
| #ifdef __cplusplus
| extern "C"
| #endif
| char dlopen ();
| /* The GNU C library defines this for functions which it implements
|     to always fail with ENOSYS.  Some functions are actually named
|     something starting with __ and the normal name is an alias.  */
| #if defined __stub_dlopen || defined __stub___dlopen
| choke me
| #endif
| 
| int
| main ()
| {
| return dlopen ();
|   ;
|   return 0;
| }
configure:3445: result: no
configure:3455: checking for library containing pcre_compile
configure:3496: gcc -o conftest.exe -g -O2 -fno-strict-aliasing -Wall   conftest.c  >&5
C:/DOCUME~1/Admin/LOCALS~1/Temp/ccMVeaaa.o: In function `main':C:/msys/1.0/home/Admin/arena-0.9.12/conftest.c:20: undefined reference to `pcre_compile'
collect2: ld returned 1 exit status
configure:3502: $? = 1
configure: failed program was:
| /* confdefs.h.  */
| #define PACKAGE_NAME ""
| #define PACKAGE_TARNAME ""
| #define PACKAGE_VERSION ""
| #define PACKAGE_STRING ""
| #define PACKAGE_BUGREPORT ""
| #define STDC_HEADERS 1
| /* end confdefs.h.  */
| 
| /* Override any GCC internal prototype to avoid an error.
|    Use char because int might match the return type of a GCC
|    builtin and then its argument prototype would still apply.  */
| #ifdef __cplusplus
| extern "C"
| #endif
| char pcre_compile ();
| int
| main ()
| {
| return pcre_compile ();
|   ;
|   return 0;
| }
configure:3496: gcc -o conftest.exe -g -O2 -fno-strict-aliasing -Wall   conftest.c -lpcre   >&5
c:\MinGW\bin\..\lib\gcc\mingw32\3.4.2\..\..\..\..\mingw32\bin\ld.exe: cannot find -lpcre
collect2: ld returned 1 exit status
configure:3502: $? = 1
configure: failed program was:
| /* confdefs.h.  */
| #define PACKAGE_NAME ""
| #define PACKAGE_TARNAME ""
| #define PACKAGE_VERSION ""
| #define PACKAGE_STRING ""
| #define PACKAGE_BUGREPORT ""
| #define STDC_HEADERS 1
| /* end confdefs.h.  */
| 
| /* Override any GCC internal prototype to avoid an error.
|    Use char because int might match the return type of a GCC
|    builtin and then its argument prototype would still apply.  */
| #ifdef __cplusplus
| extern "C"
| #endif
| char pcre_compile ();
| int
| main ()
| {
| return pcre_compile ();
|   ;
|   return 0;
| }
configure:3530: result: no
configure:3542: checking for pcre_compile
configure:3598: gcc -o conftest.exe -g -O2 -fno-strict-aliasing -Wall   conftest.c  >&5
C:/DOCUME~1/Admin/LOCALS~1/Temp/ccCEeaaa.o: In function `main':C:/msys/1.0/home/Admin/arena-0.9.12/conftest.c:43: undefined reference to `pcre_compile'
collect2: ld returned 1 exit status
configure:3604: $? = 1
configure: failed program was:
| /* confdefs.h.  */
| #define PACKAGE_NAME ""
| #define PACKAGE_TARNAME ""
| #define PACKAGE_VERSION ""
| #define PACKAGE_STRING ""
| #define PACKAGE_BUGREPORT ""
| #define STDC_HEADERS 1
| /* end confdefs.h.  */
| /* Define pcre_compile to an innocuous variant, in case <limits.h> declares pcre_compile.
|    For example, HP-UX 11i <limits.h> declares gettimeofday.  */
| #define pcre_compile innocuous_pcre_compile
| 
| /* System header to define __stub macros and hopefully few prototypes,
|     which can conflict with char pcre_compile (); below.
|     Prefer <limits.h> to <assert.h> if __STDC__ is defined, since
|     <limits.h> exists even on freestanding compilers.  */
| 
| #ifdef __STDC__
| # include <limits.h>
| #else
| # include <assert.h>
| #endif
| 
| #undef pcre_compile
| 
| /* Override any GCC internal prototype to avoid an error.
|    Use char because int might match the return type of a GCC
|    builtin and then its argument prototype would still apply.  */
| #ifdef __cplusplus
| extern "C"
| #endif
| char pcre_compile ();
| /* The GNU C library defines this for functions which it implements
|     to always fail with ENOSYS.  Some functions are actually named
|     something starting with __ and the normal name is an alias.  */
| #if defined __stub_pcre_compile || defined __stub___pcre_compile
| choke me
| #endif
| 
| int
| main ()
| {
| return pcre_compile ();
|   ;
|   return 0;
| }
configure:3622: result: no
configure:3747: creating ./config.status

## ---------------------- ##
## Running config.status. ##
## ---------------------- ##

This file was extended by config.status, which was
generated by GNU Autoconf 2.61.  Invocation command line was

  CONFIG_FILES    = 
  CONFIG_HEADERS  = 
  CONFIG_LINKS    = 
  CONFIG_COMMANDS = 
  $ ./config.status 

on macbook-d56c2ba

config.status:604: creating Makefile
config.status:739: WARNING:  Makefile.in seems to ignore the --datarootdir setting
config.status:604: creating libmisc/Makefile
config.status:604: creating libruntime/Makefile
config.status:604: creating libparser/Makefile
config.status:604: creating libeval/Makefile
config.status:604: creating libstdlib/Makefile
config.status:604: creating tests/Makefile
config.status:604: creating doc/arena.1
config.status:604: creating doc/manual/transform
config.status:604: creating config.h
config.status:813: config.h is unchanged

## ---------------- ##
## Cache variables. ##
## ---------------- ##

ac_cv_c_compiler_gnu=yes
ac_cv_env_CC_set=
ac_cv_env_CC_value=
ac_cv_env_CFLAGS_set=
ac_cv_env_CFLAGS_value=
ac_cv_env_CPPFLAGS_set=
ac_cv_env_CPPFLAGS_value=
ac_cv_env_CPP_set=
ac_cv_env_CPP_value=
ac_cv_env_LDFLAGS_set=
ac_cv_env_LDFLAGS_value=
ac_cv_env_LIBS_set=
ac_cv_env_LIBS_value=
ac_cv_env_build_alias_set=
ac_cv_env_build_alias_value=
ac_cv_env_host_alias_set=
ac_cv_env_host_alias_value=
ac_cv_env_target_alias_set=
ac_cv_env_target_alias_value=
ac_cv_exeext=.exe
ac_cv_func_dlopen=no
ac_cv_func_pcre_compile=no
ac_cv_header_stdc=yes
ac_cv_objext=o
ac_cv_path_EGREP='/bin/grep -E'
ac_cv_path_GREP=/bin/grep
ac_cv_path_install='/bin/install -c'
ac_cv_prog_CPP='gcc -E'
ac_cv_prog_ac_ct_CC=gcc
ac_cv_prog_cc_c89=
ac_cv_prog_cc_g=yes
ac_cv_prog_make_make_set=yes
ac_cv_search_dlopen=no
ac_cv_search_pcre_compile=no

## ----------------- ##
## Output variables. ##
## ----------------- ##

CC='gcc'
CFLAGS='-g -O2 -fno-strict-aliasing -Wall'
CPP='gcc -E'
CPPFLAGS=''
DEFS='-DHAVE_CONFIG_H'
ECHO_C=''
ECHO_N='-n'
ECHO_T=''
EGREP='/bin/grep -E'
EXEEXT='.exe'
GREP='/bin/grep'
INSTALL_DATA='${INSTALL} -m 644'
INSTALL_PROGRAM='${INSTALL}'
INSTALL_SCRIPT='${INSTALL}'
LDFLAGS=''
LIBOBJS=''
LIBS=''
LTLIBOBJS=''
OBJEXT='o'
PACKAGE_BUGREPORT=''
PACKAGE_NAME=''
PACKAGE_STRING=''
PACKAGE_TARNAME=''
PACKAGE_VERSION=''
PATH_SEPARATOR=':'
SET_MAKE=''
SHELL='/bin/sh'
ac_ct_CC='gcc'
bindir='${exec_prefix}/bin'
build_alias=''
datadir='${datarootdir}'
datarootdir='${prefix}/share'
docdir='${datarootdir}/doc/${PACKAGE}'
dvidir='${docdir}'
exec_prefix='${prefix}'
host_alias=''
htmldir='${docdir}'
includedir='${prefix}/include'
infodir='${datarootdir}/info'
libdir='${exec_prefix}/lib'
libexecdir='${exec_prefix}/libexec'
localedir='${datarootdir}/locale'
localstatedir='${prefix}/var'
mandir='${datarootdir}/man'
oldincludedir='/usr/include'
pdfdir='${docdir}'
prefix='/usr/local'
program_transform_name='s,x,x,'
psdir='${docdir}'
sbindir='${exec_prefix}/sbin'
sharedstatedir='${prefix}/com'
sysconfdir='${prefix}/etc'
target_alias=''

## ----------- ##
## confdefs.h. ##
## ----------- ##

#define PACKAGE_NAME ""
#define PACKAGE_TARNAME ""
#define PACKAGE_VERSION ""
#define PACKAGE_STRING ""
#define PACKAGE_BUGREPORT ""
#define STDC_HEADERS 1

configure: exit 0
